[
  {
    "level": "INFO",
    "message": "android.ndkVersion from module build.gradle is not set"
  },
  {
    "level": "INFO",
    "message": "ndk.dir in local.properties is /home/philb/Library/Sdk/"
  },
  {
    "level": "INFO",
    "message": "ANDROID_NDK_HOME environment variable is not set"
  },
  {
    "level": "INFO",
    "message": "sdkFolder is /home/philb/Library/Sdk"
  },
  {
    "level": "INFO",
    "message": "Considering /home/philb/Library/Sdk by ndk.dir"
  },
  {
    "level": "INFO",
    "message": "Considering /home/philb/Library/Sdk/ndk-bundle in SDK ndk-bundle folder"
  },
  {
    "level": "INFO",
    "message": "Considering /home/philb/Library/Sdk/ndk/22.0.7026061 in SDK ndk folder"
  },
  {
    "level": "INFO",
    "message": "Considering /home/philb/Library/Sdk/ndk/21.1.6352462 in SDK ndk folder"
  },
  {
    "level": "INFO",
    "message": "Considering /home/philb/Library/Sdk/ndk/21.3.6528147 in SDK ndk folder"
  },
  {
    "level": "INFO",
    "message": "Rejected /home/philb/Library/Sdk by ndk.dir because that location has no source.properties"
  },
  {
    "level": "INFO",
    "message": "Rejected /home/philb/Library/Sdk/ndk-bundle in SDK ndk-bundle folder because that location has no source.properties"
  },
  {
    "level": "INFO",
    "message": "Rejected /home/philb/Library/Sdk/ndk/21.3.6528147 in SDK ndk folder because that location has no source.properties"
  },
  {
    "level": "ERROR",
    "message": "Location specified by ndk.dir (/home/philb/Library/Sdk/) did not contain a valid NDK and and couldn\u0027t be used"
  },
  {
    "level": "INFO",
    "message": "Using /home/philb/Library/Sdk/ndk/22.0.7026061 which is version 22.0.7026061 as fallback but build will fail"
  }
]